<?xml version="1.0" encoding="UTF-8"?>
<!-- Generated by org.testng.reporters.JUnitReportReporter -->
<testsuite hostname="DESKTOP-MEL0TQP" failures="0" tests="1" name="demo.SampleTest" time="0.012" errors="0" timestamp="2023-12-18T21:10:11 IST" skipped="0">
  <testcase classname="demo.SampleTest" name="m1" time="0.012"/>
  <system-out/>
</testsuite> <!-- demo.SampleTest -->
